This is pdfTeX, Version 3.14159265-2.6-1.40.16 (TeX Live 2015/MacPorts 2015_9) (preloaded format=pdflatex 2015.12.3)  10 NOV 2016 01:32
entering extended mode
 restricted \write18 enabled.
 %&-line parsing enabled.
**./tmp/bp_13.svg -E ../book/eps/bp_13.eps --export-ignore-filters --export-ps-
level=3
(./tmp/bp_13.svg
LaTeX2e <2015/01/01>
Babel <3.9l> and hyphenation patterns for 51 languages loaded.

! LaTeX Error: Missing \begin{document}.

See the LaTeX manual or LaTeX Companion for explanation.
Type  H <return>  for immediate help.
 ...                                              
                                                  
l.1 <
     svg preserveAspectRatio="xMidYMid" xmlns="http://www.w3.org/2000/svg"
? 
! Emergency stop.
 ...                                              
                                                  
l.1 <
     svg preserveAspectRatio="xMidYMid" xmlns="http://www.w3.org/2000/svg"
You're in trouble here.  Try typing  <return>  to proceed.
If that doesn't work, type  X <return>  to quit.

 
Here is how much of TeX's memory you used:
 8 strings out of 493678
 288 string characters out of 6149272
 49976 words of memory out of 5000000
 3430 multiletter control sequences out of 15000+600000
 3640 words of font info for 14 fonts, out of 8000000 for 9000
 846 hyphenation exceptions out of 8191
 5i,0n,4p,158b,14s stack positions out of 5000i,500n,10000p,200000b,80000s
!  ==> Fatal error occurred, no output PDF file produced!
